{"/Users/guri/development/fullcycle/converter/src/main.js": {"path":"/Users/guri/development/fullcycle/converter/src/main.js","statementMap":{"0":{"start":{"line":2,"column":2},"end":{"line":2,"column":29}},"1":{"start":{"line":5,"column":2},"end":{"line":5,"column":23}},"2":{"start":{"line":8,"column":2},"end":{"line":8,"column":23}},"3":{"start":{"line":11,"column":2},"end":{"line":11,"column":31}},"4":{"start":{"line":14,"column":0},"end":{"line":14,"column":95}}},"fnMap":{"0":{"name":"celsiusToFahrenheit","decl":{"start":{"line":1,"column":9},"end":{"line":1,"column":28}},"loc":{"start":{"line":1,"column":36},"end":{"line":3,"column":1}},"line":1},"1":{"name":"celsiusToKelvin","decl":{"start":{"line":4,"column":9},"end":{"line":4,"column":24}},"loc":{"start":{"line":4,"column":32},"end":{"line":6,"column":1}},"line":4},"2":{"name":"kelvinToCelsius","decl":{"start":{"line":7,"column":9},"end":{"line":7,"column":24}},"loc":{"start":{"line":7,"column":32},"end":{"line":9,"column":1}},"line":7},"3":{"name":"fahrenheitToCelsius","decl":{"start":{"line":10,"column":9},"end":{"line":10,"column":28}},"loc":{"start":{"line":10,"column":36},"end":{"line":12,"column":1}},"line":10}},"branchMap":{},"s":{"0":1,"1":0,"2":0,"3":1,"4":1},"f":{"0":1,"1":0,"2":0,"3":1},"b":{},"_coverageSchema":"1a1c01bbd47fc00a2c39e90264f33305004495a9","hash":"4f96412da5d4612a5fa5ffe7bd8db57cada7511c"}
}
