{"/Users/guri/development/fullcycle/converter/src/main.js": {"path":"/Users/guri/development/fullcycle/converter/src/main.js","statementMap":{"0":{"start":{"line":2,"column":2},"end":{"line":2,"column":29}},"1":{"start":{"line":5,"column":2},"end":{"line":5,"column":23}},"2":{"start":{"line":8,"column":2},"end":{"line":8,"column":23}},"3":{"start":{"line":11,"column":2},"end":{"line":11,"column":31}},"4":{"start":{"line":14,"column":2},"end":{"line":14,"column":21}},"5":{"start":{"line":17,"column":2},"end":{"line":17,"column":37}},"6":{"start":{"line":20,"column":2},"end":{"line":20,"column":37}},"7":{"start":{"line":22,"column":0},"end":{"line":30,"column":1}}},"fnMap":{"0":{"name":"celsiusToFahrenheit","decl":{"start":{"line":1,"column":9},"end":{"line":1,"column":28}},"loc":{"start":{"line":1,"column":36},"end":{"line":3,"column":1}},"line":1},"1":{"name":"celsiusToKelvin","decl":{"start":{"line":4,"column":9},"end":{"line":4,"column":24}},"loc":{"start":{"line":4,"column":32},"end":{"line":6,"column":1}},"line":4},"2":{"name":"kelvinToCelsius","decl":{"start":{"line":7,"column":9},"end":{"line":7,"column":24}},"loc":{"start":{"line":7,"column":32},"end":{"line":9,"column":1}},"line":7},"3":{"name":"fahrenheitToCelsius","decl":{"start":{"line":10,"column":9},"end":{"line":10,"column":28}},"loc":{"start":{"line":10,"column":36},"end":{"line":12,"column":1}},"line":10},"4":{"name":"kilobyteToByte","decl":{"start":{"line":13,"column":9},"end":{"line":13,"column":23}},"loc":{"start":{"line":13,"column":31},"end":{"line":15,"column":1}},"line":13},"5":{"name":"megabyteToByte","decl":{"start":{"line":16,"column":9},"end":{"line":16,"column":23}},"loc":{"start":{"line":16,"column":31},"end":{"line":18,"column":1}},"line":16},"6":{"name":"gigabyteToByte","decl":{"start":{"line":19,"column":9},"end":{"line":19,"column":23}},"loc":{"start":{"line":19,"column":31},"end":{"line":21,"column":1}},"line":19}},"branchMap":{},"s":{"0":1,"1":0,"2":0,"3":1,"4":0,"5":0,"6":0,"7":1},"f":{"0":1,"1":0,"2":0,"3":1,"4":0,"5":0,"6":0},"b":{},"_coverageSchema":"1a1c01bbd47fc00a2c39e90264f33305004495a9","hash":"31fd3be9a947521567ddfc7ceb0ac5c2fc77daa4"}
}
